The target system is: Emscripten - 1 - x86
The host system is: Darwin - 22.3.0 - x86_64
Performing C SOURCE FILE Test COMPILER_HAS_THOSE_TOGGLES succeeded with the following output:
Change Dir: /Users/kadeangell/Documents/Raylib/wasmbuild/CMakeFiles/CMakeScratch/TryCompile-vceV4h

Run Build Command(s):/usr/bin/make -f Makefile cmTC_41ae6/fast && /Library/Developer/CommandLineTools/usr/bin/make  -f CMakeFiles/cmTC_41ae6.dir/build.make CMakeFiles/cmTC_41ae6.dir/build
Building C object CMakeFiles/cmTC_41ae6.dir/src.c.o
/Users/kadeangell/Documents/emsdk/upstream/emscripten/emcc -DCOMPILER_HAS_THOSE_TOGGLES  -Werror=pointer-arith -MD -MT CMakeFiles/cmTC_41ae6.dir/src.c.o -MF CMakeFiles/cmTC_41ae6.dir/src.c.o.d -o CMakeFiles/cmTC_41ae6.dir/src.c.o -c /Users/kadeangell/Documents/Raylib/wasmbuild/CMakeFiles/CMakeScratch/TryCompile-vceV4h/src.c
shared:INFO: (Emscripten: Running sanity checks)
Linking C executable cmTC_41ae6.js
/usr/local/Cellar/cmake/3.25.2/bin/cmake -E cmake_link_script CMakeFiles/cmTC_41ae6.dir/link.txt --verbose=1
/Users/kadeangell/Documents/emsdk/upstream/emscripten/emcc @CMakeFiles/cmTC_41ae6.dir/objects1 -o cmTC_41ae6.js 
cache:INFO: generating system asset: symbol_lists/1c683af19e290d0b5ca7a8747d74a76f63dcb362.txt... (this will be cached in "/Users/kadeangell/Documents/emsdk/upstream/emscripten/cache/symbol_lists/1c683af19e290d0b5ca7a8747d74a76f63dcb362.txt" for subsequent builds)
cache:INFO:  - ok


Source file was:
int main(void) { return 0; }

Performing C SOURCE FILE Test CMAKE_HAVE_LIBC_PTHREAD succeeded with the following output:
Change Dir: /Users/kadeangell/Documents/Raylib/wasmbuild/CMakeFiles/CMakeScratch/TryCompile-7vSWaa

Run Build Command(s):/usr/bin/make -f Makefile cmTC_0de23/fast && /Library/Developer/CommandLineTools/usr/bin/make  -f CMakeFiles/cmTC_0de23.dir/build.make CMakeFiles/cmTC_0de23.dir/build
Building C object CMakeFiles/cmTC_0de23.dir/src.c.o
/Users/kadeangell/Documents/emsdk/upstream/emscripten/emcc -DCMAKE_HAVE_LIBC_PTHREAD  -fno-strict-aliasing -Werror=implicit-function-declaration -Werror=pointer-arith   -MD -MT CMakeFiles/cmTC_0de23.dir/src.c.o -MF CMakeFiles/cmTC_0de23.dir/src.c.o.d -o CMakeFiles/cmTC_0de23.dir/src.c.o -c /Users/kadeangell/Documents/Raylib/wasmbuild/CMakeFiles/CMakeScratch/TryCompile-7vSWaa/src.c
Linking C executable cmTC_0de23.js
/usr/local/Cellar/cmake/3.25.2/bin/cmake -E cmake_link_script CMakeFiles/cmTC_0de23.dir/link.txt --verbose=1
/Users/kadeangell/Documents/emsdk/upstream/emscripten/emcc -fno-strict-aliasing -Werror=implicit-function-declaration -Werror=pointer-arith   @CMakeFiles/cmTC_0de23.dir/objects1 -o cmTC_0de23.js 


Source file was:
#include <pthread.h>

static void* test_func(void* data)
{
  return data;
}

int main(void)
{
  pthread_t thread;
  pthread_create(&thread, NULL, test_func, NULL);
  pthread_detach(thread);
  pthread_cancel(thread);
  pthread_join(thread, NULL);
  pthread_atfork(NULL, NULL, NULL);
  pthread_exit(NULL);

  return 0;
}


